2023-12-17 16:04:55 Array
(
    [$price_four] => 25
    [$order_hour] => 23)
    [$order_days] => 0
)

2023-12-17 16:04:55 Array
(
    [$price_four] => 16
    [$order_hour] => 23)
    [$order_days] => 0
)

2023-12-17 16:04:55 Array
(
    [$price_four] => 22
    [$order_hour] => 23)
    [$order_days] => 0
)

2023-12-17 16:04:55 Array
(
    [$price_four] => 25
    [$order_hour] => 23)
    [$order_days] => 0
)

2023-12-17 16:04:55 Array
(
    [$price_four] => 19
    [$order_hour] => 23)
    [$order_days] => 0
)

2023-12-17 16:04:55 Array
(
    [$price_four] => 22
    [$order_hour] => 23)
    [$order_days] => 0
)

2023-12-17 16:04:55 Array
(
    [$price_four] => 22
    [$order_hour] => 23)
    [$order_days] => 0
)

2023-12-17 16:04:55 Array
(
    [$price_four] => 29
    [$order_hour] => 23)
    [$order_days] => 0
)

2023-12-17 16:04:55 Array
(
    [$price_four] => 27
    [$order_hour] => 23)
    [$order_days] => 0
)

2023-12-17 16:04:55 Array
(
    [$price_four] => 32
    [$order_hour] => 23)
    [$order_days] => 0
)

2023-12-17 16:04:55 Array
(
    [$price_four] => -
    [$order_hour] => 23)
    [$order_days] => 0
)

2023-12-17 16:04:55 Array
(
    [$price_four] => 27
    [$order_hour] => 23)
    [$order_days] => 0
)

